Results on Dell Laptop:
Intel(R) Core(TM) i7-8550U CPU @ 1.80GHz   2.00 GHz
RAM: 16.0 GB (15.7 GB usable)
64-bit operating system, x64-based processor
-----------------------------------
WLIS for test: ./tests/10.txt
0.025	0.1979
0.0241	0.0286
0.0211	0.0291
0.0207	0.029
0.0204	0.029
0.0205	0.0328
0.0292	0.0338
0.0228	0.0269
0.0205	0.0287
0.025	0.0332
-----------------------------------
-----------------------------------
WLIS for test: ./tests/100.txt
0.3982	0.3384
0.4024	0.3265
0.5574	0.3626
0.5622	0.3599
0.5558	0.3696
0.5545	0.3588
0.412	0.3319
0.4145	0.342
0.4887	0.4361
0.7043	0.3441
-----------------------------------
-----------------------------------
WLIS for test: ./tests/1000.txt
17.2745	8.6493
17.0412	12.8274
17.4059	8.6597
18.2665	9.4942
16.6471	8.455
16.2257	9.4538
17.2121	8.3635
16.7254	8.3649
17.6842	12.3289
18.9649	10.3713
-----------------------------------
-----------------------------------
WLIS for test: ./tests/10000.txt
1467.9	927.935
1480.66	951.976
1465.82	802.626
1511.22	969.1
1494.43	943.839
1532.63	931.782
1555.54	873.116
1489.88	906.659
1540.31	905.054
1533.28	865.124
-----------------------------------
-----------------------------------
WLIS for test: ./tests/100000.txt
143865	92843.7
147367	104802
153130	95174.9
151857	96160.8
150547	97312.5
151507	99981.2
150601	100040
151159	97787.8
151706	100211
151887	99611.5
-----------------------------------
