/work/07115/sc55852/stampede2/parallel
Wed Nov 10 13:00:29 CST 2021
-----------------------------------
WLIS for test: ./tests/10.txt
0.18733400	8.55386500
0.15303500	4.34941500
0.12068000	0.42988700
0.11581900	0.40227300
0.14062600	0.40861800
0.11481600	0.42455500
0.11313200	0.39927600
0.11325300	0.42161800
0.11275100	0.40350600
0.11270100	0.42751100
-----------------------------------
-----------------------------------
WLIS for test: ./tests/16.txt
0.20331100	1.70435200
0.18864700	1.26025300
0.18368600	0.74499700
0.18236300	0.73125600
0.18242300	0.73208700
0.18208200	0.72910000
0.18289400	0.74918700
0.18273400	0.74863600
0.18174100	0.73307000
0.18132000	0.73853200
-----------------------------------
-----------------------------------
WLIS for test: ./tests/32.txt
0.48626700	2.74551600
0.41733800	1.12749400
0.43221200	1.05284200
0.40882800	1.05111800
0.43495800	1.11702000
0.40830600	1.07319800
0.40869800	1.10919200
0.43212200	1.10446100
0.40680300	1.11344200
0.43143000	1.09878800
-----------------------------------
-----------------------------------
WLIS for test: ./tests/64.txt
1.08191900	3.76241400
1.02689200	1.61393200
1.01936300	1.76834000
1.01962400	1.72161300
1.02254100	1.60171400
1.02484600	1.68069700
1.03818800	1.57944300
1.01431200	1.63654500
1.01975500	1.68697200
1.02192900	1.62806500
-----------------------------------
-----------------------------------
WLIS for test: ./tests/100.txt
2.02365300	4.12448400
2.44468900	3.38514000
2.44711500	3.27387200
2.45008200	3.52834200
2.44261400	3.26563200
2.44538000	3.33761000
2.01110300	3.41795500
1.93054600	3.21363200
2.48770800	3.35336600
2.21159900	3.13008800
-----------------------------------
-----------------------------------
WLIS for test: ./tests/128.txt
2.87819400	4.74544400
2.78407500	10.79859000
2.78406600	3.94999900
2.78674200	4.56815300
3.47408600	4.52253700
3.50484700	4.36859000
3.49243900	4.16650100
2.75899800	4.02047300
3.50924800	4.19326300
3.02154600	4.22166000
-----------------------------------
-----------------------------------
WLIS for test: ./tests/256.txt
8.89406400	6.20196100
8.51664900	6.29191000
8.94268700	6.35350300
8.51856300	7.82913400
8.60462300	6.45833600
9.20376200	6.45000600
9.58633900	6.27037000
9.66675500	6.17421700
8.96068800	6.39923900
8.54364100	6.59837000
-----------------------------------
-----------------------------------
WLIS for test: ./tests/512.txt
28.46818300	17.25876000
29.02366100	16.99386600
29.63126000	17.00848000
28.46338100	16.94456100
29.56579700	17.86706000
28.96014300	16.58130900
27.27706100	18.68314300
28.19008800	17.15395700
28.10701500	16.26799200
28.22529900	16.32996600
-----------------------------------
-----------------------------------
WLIS for test: ./tests/1000.txt
97.24403100	39.56585500
93.69640400	40.29588900
95.24327100	39.85534700
93.21283300	40.60563600
94.28259300	40.33120000
96.02616700	39.48688300
97.68632600	38.92010800
95.43803200	39.79554800
95.46649800	38.80289600
95.63496900	39.93221500
-----------------------------------
-----------------------------------
WLIS for test: ./tests/1024.txt
98.60938700	35.68153800
97.45129100	35.25539000
98.88511600	35.32922100
101.23322100	35.31880800
99.54798200	35.74908500
99.21000900	35.42100500
102.48598600	34.85720700
101.59898800	36.14990500
101.45422300	35.23745900
98.90957300	35.52952600
-----------------------------------
-----------------------------------
WLIS for test: ./tests/2048.txt
374.52774800	102.88400800
376.51907500	98.77225400
378.47092200	98.12708800
375.46403900	97.93659700
373.83988300	97.64433800
372.11055300	100.72852000
373.59170700	97.30303700
373.65337100	100.28693600
377.45377300	105.55991400
373.29090000	102.03660300
-----------------------------------
-----------------------------------
WLIS for test: ./tests/4096.txt
1436.78100000	180.40324000
1433.81696700	183.48685100
1429.59394500	181.46544400
1440.63593800	173.45212200
1438.61012100	165.41319100
1434.93925900	156.49972300
1442.03086300	152.72935000
1430.89134300	152.75147100
1440.38670900	166.26296200
1432.34724800	166.92568900
-----------------------------------
-----------------------------------
WLIS for test: ./tests/8192.txt
5599.75049300	496.95400000
5621.32904800	495.61824300
5604.05958200	483.64450800
5607.21528700	432.72025400
5607.97590900	424.76804500
5590.18975500	431.27997400
5594.86453300	415.46304800
5600.17314100	432.76812500
5587.17144100	448.18470200
5605.41889100	431.59673800
-----------------------------------
-----------------------------------
WLIS for test: ./tests/10000.txt
8291.15457400	652.75049000
8315.07339300	611.42865200
8370.15604500	621.31629000
8266.83254400	711.11987600
8258.86654800	606.62381100
8320.66048300	611.83262800
8276.24660200	616.76311100
8349.68338400	617.73714000
8294.92619900	652.52707000
8284.93309300	642.37971000
-----------------------------------
-----------------------------------
WLIS for test: ./tests/16384.txt
22203.21980700	1179.24597400
22043.26671200	1211.29150000
22064.21782700	1212.01887500
22465.98138800	1204.66850900
22330.94214400	1198.54874700
22065.17842700	1163.86343800
22245.34712500	1202.74359200
22032.98800200	1196.68843000
21967.92078000	1164.07587700
21961.87560700	1217.85251200
-----------------------------------
-----------------------------------
WLIS for test: ./tests/32768.txt
89742.25884100	4353.99490200
90307.72934900	4300.30252200
90122.53118900	4357.89667100
90272.86193400	4396.85753400
90107.91156400	4257.75267300
88627.03604300	4239.00416200
88496.74590000	4285.09851100
88542.65825000	4125.81118500
88527.14074300	4259.73855600
88553.20052200	4357.41436500
-----------------------------------
-----------------------------------
WLIS for test: ./tests/65536.txt
353225.98446900	14223.97132100
354222.59745100	13151.45185600
355913.85321500	12883.10123700
351793.23483100	13339.77524900
351389.54946300	13365.11654600
356647.24975200	13223.77351300
352548.95742900	12944.09517300
352500.98736100	12944.20099400
352796.82138800	13455.83153800
354031.96844800	13111.86780300
-----------------------------------
-----------------------------------
WLIS for test: ./tests/100000.txt
820503.60507700	30871.80772900
822946.73208800	30728.23513700
819577.88571200	31736.51393500
818821.31800200	30832.65714800
815346.37119800	32383.99474400
816034.87535700	33039.50193300
815113.95760100	31491.44183400
816997.68276200	34037.84662800
818978.76544300	31313.45811200
817843.44958400	32590.00979800
-----------------------------------
